[38;5;112m[Appium][0m Welcome to Appium v3.5.2 (REV c31ac221f4cdf86edee78144e0d4f155785ce3f0)
[38;5;112m[Appium][0m Non-default server args:
[38;5;112m[Appium][0m { basePath: [32m'/wd/hub'[39m }
[38;5;112m[Appium][0m The autodetected Appium home path: /Users/hiteshyadav/.appium
[38;5;112m[Appium][0m Attempting to load driver uiautomator2...
[38;5;112m[Appium][0m Requiring driver at /Users/hiteshyadav/.appium/node_modules/appium-uiautomator2-driver/build/lib/index.js
[38;5;112m[Appium][0m AndroidUiautomator2Driver has been successfully loaded in 0.582s
[38;5;86m[HTTP][0m Could not start REST http interface listener. The requested port may already be in use. Please make sure there is no other instance of this server running already.
[38;5;112m[Appium][0m Could not configure Appium server. It's possible that a driver or plugin tried to update the server and failed. Original error: listen EADDRINUSE: address already in use 0.0.0.0:4723
[38;5;112m[Appium][0m Error: listen EADDRINUSE: address already in use 0.0.0.0:4723
    at Server.setupListenHandle [as _listen2] (node:net:1939:16)
    at listenInCluster (node:net:1996:12)
    at node:net:2205:7
    at process.processTicksAndRejections (node:internal/process/task_queues:90:21)
[38;5;112m[Appium][0m Welcome to Appium v3.5.2 (REV c31ac221f4cdf86edee78144e0d4f155785ce3f0)
[38;5;112m[Appium][0m Non-default server args:
[38;5;112m[Appium][0m { basePath: [32m'/wd/hub'[39m }
[38;5;112m[Appium][0m The autodetected Appium home path: /Users/hiteshyadav/.appium
[38;5;112m[Appium][0m Attempting to load driver uiautomator2...
[38;5;112m[Appium][0m Requiring driver at /Users/hiteshyadav/.appium/node_modules/appium-uiautomator2-driver/build/lib/index.js
[38;5;112m[Appium][0m AndroidUiautomator2Driver has been successfully loaded in 0.626s
[38;5;86m[HTTP][0m Could not start REST http interface listener. The requested port may already be in use. Please make sure there is no other instance of this server running already.
[38;5;112m[Appium][0m Could not configure Appium server. It's possible that a driver or plugin tried to update the server and failed. Original error: listen EADDRINUSE: address already in use 0.0.0.0:4723
[38;5;112m[Appium][0m Error: listen EADDRINUSE: address already in use 0.0.0.0:4723
    at Server.setupListenHandle [as _listen2] (node:net:1939:16)
    at listenInCluster (node:net:1996:12)
    at node:net:2205:7
    at process.processTicksAndRejections (node:internal/process/task_queues:90:21)
[38;5;112m[Appium][0m Welcome to Appium v3.5.2 (REV c31ac221f4cdf86edee78144e0d4f155785ce3f0)
[38;5;112m[Appium][0m Non-default server args:
[38;5;112m[Appium][0m { basePath: [32m'/wd/hub'[39m }
[38;5;112m[Appium][0m The autodetected Appium home path: /Users/hiteshyadav/.appium
[38;5;112m[Appium][0m Attempting to load driver uiautomator2...
[38;5;112m[Appium][0m Requiring driver at /Users/hiteshyadav/.appium/node_modules/appium-uiautomator2-driver/build/lib/index.js
[38;5;112m[Appium][0m AndroidUiautomator2Driver has been successfully loaded in 0.515s
[38;5;86m[HTTP][0m Could not start REST http interface listener. The requested port may already be in use. Please make sure there is no other instance of this server running already.
[38;5;112m[Appium][0m Could not configure Appium server. It's possible that a driver or plugin tried to update the server and failed. Original error: listen EADDRINUSE: address already in use 0.0.0.0:4723
[38;5;112m[Appium][0m Error: listen EADDRINUSE: address already in use 0.0.0.0:4723
    at Server.setupListenHandle [as _listen2] (node:net:1939:16)
    at listenInCluster (node:net:1996:12)
    at node:net:2205:7
    at process.processTicksAndRejections (node:internal/process/task_queues:90:21)
[38;5;112m[Appium][0m Welcome to Appium v3.5.2 (REV c31ac221f4cdf86edee78144e0d4f155785ce3f0)
[38;5;112m[Appium][0m Non-default server args:
[38;5;112m[Appium][0m { basePath: [32m'/wd/hub'[39m }
[38;5;112m[Appium][0m The autodetected Appium home path: /Users/hiteshyadav/.appium
[38;5;112m[Appium][0m Attempting to load driver uiautomator2...
[38;5;112m[Appium][0m Requiring driver at /Users/hiteshyadav/.appium/node_modules/appium-uiautomator2-driver/build/lib/index.js
[38;5;112m[Appium][0m AndroidUiautomator2Driver has been successfully loaded in 0.578s
[38;5;86m[HTTP][0m Could not start REST http interface listener. The requested port may already be in use. Please make sure there is no other instance of this server running already.
[38;5;112m[Appium][0m Could not configure Appium server. It's possible that a driver or plugin tried to update the server and failed. Original error: listen EADDRINUSE: address already in use 0.0.0.0:4723
[38;5;112m[Appium][0m Error: listen EADDRINUSE: address already in use 0.0.0.0:4723
    at Server.setupListenHandle [as _listen2] (node:net:1939:16)
    at listenInCluster (node:net:1996:12)
    at node:net:2205:7
    at process.processTicksAndRejections (node:internal/process/task_queues:90:21)
[38;5;112m[Appium][0m Welcome to Appium v3.5.2 (REV c31ac221f4cdf86edee78144e0d4f155785ce3f0)
[38;5;112m[Appium][0m Non-default server args:
[38;5;112m[Appium][0m { basePath: [32m'/wd/hub'[39m }
[38;5;112m[Appium][0m The autodetected Appium home path: /Users/hiteshyadav/.appium
[38;5;112m[Appium][0m Attempting to load driver uiautomator2...
[38;5;112m[Appium][0m Requiring driver at /Users/hiteshyadav/.appium/node_modules/appium-uiautomator2-driver/build/lib/index.js
[38;5;112m[Appium][0m AndroidUiautomator2Driver has been successfully loaded in 2.125s
[38;5;86m[HTTP][0m Could not start REST http interface listener. The requested port may already be in use. Please make sure there is no other instance of this server running already.
[38;5;112m[Appium][0m Could not configure Appium server. It's possible that a driver or plugin tried to update the server and failed. Original error: listen EADDRINUSE: address already in use 0.0.0.0:4723
[38;5;112m[Appium][0m Error: listen EADDRINUSE: address already in use 0.0.0.0:4723
    at Server.setupListenHandle [as _listen2] (node:net:1939:16)
    at listenInCluster (node:net:1996:12)
    at node:net:2205:7
    at process.processTicksAndRejections (node:internal/process/task_queues:90:21)
